<?xml version="1.0" encoding="UTF-8"?>
<testng-results ignored="0" total="2" passed="2" failed="0" skipped="0">
  <reporter-output>
  </reporter-output>
  <suite started-at="2021-02-11T00:02:08 IST" name="Surefire suite" finished-at="2021-02-11T00:02:11 IST" duration-ms="2634">
    <groups>
      <group name="fullRegression">
        <method signature="CrudTest.getAllStudent()[pri:0, instance:com.student.tests.CrudTest@138caeca]" name="getAllStudent" class="com.student.tests.CrudTest"/>
      </group> <!-- fullRegression -->
      <group name="smoke">
        <method signature="CrudTest.getAllStudent()[pri:0, instance:com.student.tests.CrudTest@138caeca]" name="getAllStudent" class="com.student.tests.CrudTest"/>
      </group> <!-- smoke -->
    </groups>
    <test started-at="2021-02-11T00:02:08 IST" name="Surefire test" finished-at="2021-02-11T00:02:11 IST" duration-ms="2634">
      <class name="com.student.tests.CrudTest">
        <test-method is-config="true" signature="initUrl()[pri:0, instance:com.student.tests.CrudTest@138caeca]" started-at="2021-02-11T00:02:08 IST" name="initUrl" finished-at="2021-02-11T00:02:09 IST" duration-ms="664" status="PASS">
          <reporter-output>
          </reporter-output>
        </test-method> <!-- initUrl -->
        <test-method signature="createNewStudent()[pri:0, instance:com.student.tests.CrudTest@138caeca]" started-at="2021-02-11T00:02:09 IST" name="createNewStudent" finished-at="2021-02-11T00:02:10 IST" duration-ms="1808" status="PASS">
          <reporter-output>
          </reporter-output>
        </test-method> <!-- createNewStudent -->
        <test-method signature="getAllStudent()[pri:0, instance:com.student.tests.CrudTest@138caeca]" started-at="2021-02-11T00:02:10 IST" name="getAllStudent" finished-at="2021-02-11T00:02:11 IST" duration-ms="102" status="PASS">
          <reporter-output>
          </reporter-output>
        </test-method> <!-- getAllStudent -->
      </class> <!-- com.student.tests.CrudTest -->
    </test> <!-- Surefire test -->
  </suite> <!-- Surefire suite -->
</testng-results>
