<?xml version="1.0" encoding="UTF-8"?>
<testng-results ignored="0" total="1" passed="1" failed="0" skipped="0">
  <reporter-output>
  </reporter-output>
  <suite started-at="2021-01-26T01:34:28 IST" name="Surefire suite" finished-at="2021-01-26T01:34:30 IST" duration-ms="2020">
    <groups>
    </groups>
    <test started-at="2021-01-26T01:34:28 IST" name="Surefire test" finished-at="2021-01-26T01:34:30 IST" duration-ms="2020">
      <class name="com.student.tests.CrudTest">
        <test-method is-config="true" signature="initUrl()[pri:0, instance:com.student.tests.CrudTest@1b15f922]" started-at="2021-01-26T01:34:28 IST" name="initUrl" finished-at="2021-01-26T01:34:29 IST" duration-ms="704" status="PASS">
          <reporter-output>
          </reporter-output>
        </test-method> <!-- initUrl -->
        <test-method signature="getAllStudent()[pri:0, instance:com.student.tests.CrudTest@1b15f922]" started-at="2021-01-26T01:34:29 IST" name="getAllStudent" finished-at="2021-01-26T01:34:30 IST" duration-ms="1199" status="PASS">
          <reporter-output>
          </reporter-output>
        </test-method> <!-- getAllStudent -->
      </class> <!-- com.student.tests.CrudTest -->
    </test> <!-- Surefire test -->
  </suite> <!-- Surefire suite -->
</testng-results>
