-------------------------------------------------------------------------------
Test set: TestSuite
-------------------------------------------------------------------------------
Tests run: 1, Failures: 1, Errors: 0, Skipped: 0, Time elapsed: 2.994 s <<< FAILURE! - in TestSuite
getAllStudent(com.student.tests.CrudTest)  Time elapsed: 1.87 s  <<< FAILURE!
java.lang.AssertionError: 
1 expectation failed.
Expected status code <200> but was <404>.

	at com.student.tests.CrudTest.getAllStudent(CrudTest.java:26)

